<?xml version="1.0" encoding="UTF-8"?>
<!-- Generated by org.testng.reporters.JUnitXMLReporter -->
<testsuite ignored="0" hostname="DESKTOP-855BLG6" failures="0" tests="3" name="Firefox" time="0.012" errors="0" timestamp="2023-08-26T10:58:35 IST">
  <testcase classname="testPackage.BaseClass" name="@BeforeTest beforeTest" time="-1.693027715445E9">
    <failure type="org.testng.TestNGException" message="
Parameter &amp;apos;browserName&amp;apos; is required by BeforeTest on method beforeTest but has not been marked @Optional or defined
in C:\Users\Administrator\eclipse-workspace\Policybazzar\CrossBrowsertestng.xml">
      <![CDATA[org.testng.TestNGException: 
Parameter 'browserName' is required by BeforeTest on method beforeTest but has not been marked @Optional or defined
in C:\Users\Administrator\eclipse-workspace\Policybazzar\CrossBrowsertestng.xml
... Removed 21 stack frames]]>
    </failure>
  </testcase> <!-- @BeforeTest beforeTest -->
  <testcase classname="testPackage.PolicyBazzarTestClass" name="@BeforeClass beforeClass" time="-1.693027715448E9">
    <skipped/>
  </testcase> <!-- @BeforeClass beforeClass -->
  <testcase classname="testPackage.BaseClass" name="@AfterTest afterTest" time="-1.693027715456E9">
    <skipped/>
  </testcase> <!-- @AfterTest afterTest -->
  <testcase classname="testPackage.PolicyBazzarTestClass" name="loginToPolicyBazzar" time="0.0">
    <skipped/>
  </testcase> <!-- loginToPolicyBazzar -->
  <testcase classname="testPackage.PolicyBazzarTestClass" name="validateUsername" time="0.0">
    <skipped/>
  </testcase> <!-- validateUsername -->
  <testcase classname="testPackage.PolicyBazzarTestClass" name="logoutFrompolicyBazzar" time="0.0">
    <skipped/>
  </testcase> <!-- logoutFrompolicyBazzar -->
</testsuite> <!-- Firefox -->
